<?xml version="1.0" encoding="UTF-8" ?>
<testsuite tests="14" failures="0" name="de.unijena.bioinf.treealign.map.IntFloatHashMapTest" time="0.004" errors="0" skipped="0">
  <properties>
    <property name="java.runtime.name" value="Java(TM) SE Runtime Environment"/>
    <property name="sun.boot.library.path" value="c:\Program Files\Java\jdk1.8.0_25\jre\bin"/>
    <property name="java.vm.version" value="25.25-b02"/>
    <property name="java.vm.vendor" value="Oracle Corporation"/>
    <property name="java.vendor.url" value="http://java.oracle.com/"/>
    <property name="path.separator" value=";"/>
    <property name="guice.disable.misplaced.annotation.check" value="true"/>
    <property name="java.vm.name" value="Java HotSpot(TM) 64-Bit Server VM"/>
    <property name="file.encoding.pkg" value="sun.io"/>
    <property name="user.script" value=""/>
    <property name="user.country" value="DE"/>
    <property name="sun.java.launcher" value="SUN_STANDARD"/>
    <property name="sun.os.patch.level" value="Service Pack 1"/>
    <property name="java.vm.specification.name" value="Java Virtual Machine Specification"/>
    <property name="user.dir" value="d:\arbeit\programming\ms\FastFragmentationTreeAlign"/>
    <property name="java.runtime.version" value="1.8.0_25-b18"/>
    <property name="java.awt.graphicsenv" value="sun.awt.Win32GraphicsEnvironment"/>
    <property name="java.endorsed.dirs" value="c:\Program Files\Java\jdk1.8.0_25\jre\lib\endorsed"/>
    <property name="os.arch" value="amd64"/>
    <property name="java.io.tmpdir" value="D:\Users\kaidu\AppData\Local\Temp\"/>
    <property name="line.separator" value="
"/>
    <property name="java.vm.specification.vendor" value="Oracle Corporation"/>
    <property name="user.variant" value=""/>
    <property name="os.name" value="Windows 7"/>
    <property name="classworlds.conf" value="c:/Program Files (x86)/maven/bin/m2.conf"/>
    <property name="sun.jnu.encoding" value="Cp1252"/>
    <property name="java.library.path" value="c:\Program Files\Java\jdk1.8.0_25\bin;C:\Windows\Sun\Java\bin;C:\Windows\system32;C:\Windows;d:\Users\kaidu\bin;.;C:\Program Files (x86)\Git\local\bin;C:\Program Files (x86)\Git\mingw\bin;C:\Program Files (x86)\Git\bin;C:\Program Files (x86)\Git\bin;d:\Program Files (x86)\ImageMagick-6.7.9-Q8;c:\gurobi600\win64\bin;c:\ProgramData\Oracle\Java\javapath;c:\Program Files (x86)\Common Files\Microsoft Shared\Windows Live;c:\Windows\system32;c:\Windows;c:\Windows\System32\Wbem;c:\Windows\System32\WindowsPowerShell\v1.0\;c:\Program Files (x86)\scala\bin;C:\Program Files (x86)\Git\cmd;d:\Program Files (x86)\Graphviz2.30\bin;c:\Program Files\Java\jre7\bin;c:\Program Files (x86)\WinMerge;c:\Program Files (x86)\MiKTeX 2.9\miktex\bin\;c:\Program Files\Calibre2\;d:\Program Files (x86)\nodejs\;c:\ProgramData\chocolatey\bin;c:\tools\python2-x86_32;d:\Users\kaidu\AppData\Roaming\npm;c:\Program Files (x86)\NVIDIA Corporation\PhysX\Common;c:\Program Files (x86)\Windows Kits\8.1\Windows Performance Toolkit\;c:\Program Files\Microsoft SQL Server\110\Tools\Binn\;c:\Program Files (x86)\Microsoft SDKs\TypeScript\1.0\;c:\Program Files (x86)\Skype\Phone\;c:\Ruby21-x64\bin;c:\jruby-9.0.0.0\bin;d:\atom\node_modules;c:\Program Files (x86)\Mozilla Firefox;c:\Program Files (x86)\OpenBabel-2.3.2;c:\Program Files (x86)\Common Files\Microsoft Shared\Windows Live;c:\jruby\bin;c:\jruby-1.7.1\jbin;c:\Program Files (x86)\maven\bin;c:\Program Files\apache-ant-1.8.4\bin;d:\Program Files (x86)\svn\bin;d:\Program Files (x86)\sirius;d:\Program Files (x86)\glpk-4.52\bin;c:\Program Files\Java\jdk1.7.0_45\bin;c:\Program Files\ansicon\x64;d:\Program Files\sirius;d:\Program Files (x86)\gradle-2.8\bin;d:\Program Files (x86)\axis2-1.6.2\bin;d:\Program Files\ansicon;d:\Users\kaidu\AppData\Roaming\npm;d:\Program Files (x86)\nodejs;c:\python\python-2.7.6.amd64\Scripts;c:\python\scripts;c:\gurobi600\win64\bin;c:\gurobi600\win64\lib;d:\Users\kaidu\AppData\Local\atom\bin;d:\rdkit\lib;d:\Users\kaidu\AppData\Local\atom\bin;d:\GnuWin32\bin;c:\python\python-2.7.6.amd64;."/>
    <property name="java.specification.name" value="Java Platform API Specification"/>
    <property name="java.class.version" value="52.0"/>
    <property name="sun.management.compiler" value="HotSpot 64-Bit Tiered Compilers"/>
    <property name="os.version" value="6.1"/>
    <property name="user.home" value="D:\Users\kaidu"/>
    <property name="user.timezone" value="Europe/Berlin"/>
    <property name="java.awt.printerjob" value="sun.awt.windows.WPrinterJob"/>
    <property name="java.specification.version" value="1.8"/>
    <property name="file.encoding" value="Cp1252"/>
    <property name="user.name" value="kaidu"/>
    <property name="java.class.path" value="c:/Program Files (x86)/maven/boot/plexus-classworlds-2.4.jar"/>
    <property name="java.vm.specification.version" value="1.8"/>
    <property name="sun.arch.data.model" value="64"/>
    <property name="java.home" value="c:\Program Files\Java\jdk1.8.0_25\jre"/>
    <property name="sun.java.command" value="org.codehaus.plexus.classworlds.launcher.Launcher install"/>
    <property name="java.specification.vendor" value="Oracle Corporation"/>
    <property name="user.language" value="de"/>
    <property name="awt.toolkit" value="sun.awt.windows.WToolkit"/>
    <property name="java.vm.info" value="mixed mode"/>
    <property name="java.version" value="1.8.0_25"/>
    <property name="java.ext.dirs" value="c:\Program Files\Java\jdk1.8.0_25\jre\lib\ext;C:\Windows\Sun\Java\lib\ext"/>
    <property name="sun.boot.class.path" value="c:\Program Files\Java\jdk1.8.0_25\jre\lib\resources.jar;c:\Program Files\Java\jdk1.8.0_25\jre\lib\rt.jar;c:\Program Files\Java\jdk1.8.0_25\jre\lib\sunrsasign.jar;c:\Program Files\Java\jdk1.8.0_25\jre\lib\jsse.jar;c:\Program Files\Java\jdk1.8.0_25\jre\lib\jce.jar;c:\Program Files\Java\jdk1.8.0_25\jre\lib\charsets.jar;c:\Program Files\Java\jdk1.8.0_25\jre\lib\jfr.jar;c:\Program Files\Java\jdk1.8.0_25\jre\classes"/>
    <property name="sun.stderr.encoding" value="cp850"/>
    <property name="java.vendor" value="Oracle Corporation"/>
    <property name="maven.home" value="c:\Program Files (x86)\maven"/>
    <property name="file.separator" value="\"/>
    <property name="java.vendor.url.bug" value="http://bugreport.sun.com/bugreport/"/>
    <property name="sun.cpu.endian" value="little"/>
    <property name="sun.io.unicode.encoding" value="UnicodeLittle"/>
    <property name="sun.stdout.encoding" value="cp850"/>
    <property name="sun.desktop" value="windows"/>
    <property name="sun.cpu.isalist" value="amd64"/>
  </properties>
  <testcase classname="de.unijena.bioinf.treealign.map.IntFloatHashMapTest" name="dontAllowNullKeys" time="0"/>
  <testcase classname="de.unijena.bioinf.treealign.map.IntFloatHashMapTest" name="dontAllowNegativeKeys" time="0"/>
  <testcase classname="de.unijena.bioinf.treealign.map.IntFloatHashMapTest" name="dontAllowNaNValues" time="0"/>
  <testcase classname="de.unijena.bioinf.treealign.map.IntFloatHashMapTest" name="TestUninitializedIterator" time="0"/>
  <testcase classname="de.unijena.bioinf.treealign.map.IntFloatHashMapTest" name="TestEmptyIterator" time="0"/>
  <testcase classname="de.unijena.bioinf.treealign.map.IntFloatHashMapTest" name="testDoubleKeyInsertion" time="0"/>
  <testcase classname="de.unijena.bioinf.treealign.map.IntFloatHashMapTest" name="testWrongAllocation" time="0"/>
  <testcase classname="de.unijena.bioinf.treealign.map.IntFloatHashMapTest" name="testAllocation" time="0"/>
  <testcase classname="de.unijena.bioinf.treealign.map.IntFloatHashMapTest" name="testSize" time="0"/>
  <testcase classname="de.unijena.bioinf.treealign.map.IntFloatHashMapTest" name="testInsertion" time="0"/>
  <testcase classname="de.unijena.bioinf.treealign.map.IntFloatHashMapTest" name="testIsAHash" time="0"/>
  <testcase classname="de.unijena.bioinf.treealign.map.IntFloatHashMapTest" name="testPutIfGreater" time="0"/>
  <testcase classname="de.unijena.bioinf.treealign.map.IntFloatHashMapTest" name="testDefaultValue" time="0"/>
  <testcase classname="de.unijena.bioinf.treealign.map.IntFloatHashMapTest" name="TestIteratingMap" time="0.001"/>
</testsuite>